2018-11-12 20:11:20.008 [main] ERROR csse374.revengd.soot.SceneBuilder - SOOT is unable to load crawler.Crawler
java.lang.RuntimeException: java.util.concurrent.ExecutionException: java.lang.Exception: Error: The path 'C:\Users\nurrencd\Documents\1-Rose-Hulman\CSSE\374\7-1-1WebCrawler\bin' does not exist.
	at soot.SourceLocator.getClassSourceType(SourceLocator.java:285) ~[uml.jar:?]
	at soot.SourceLocator.lookupInClassPath(SourceLocator.java:562) ~[uml.jar:?]
	at soot.asm.AsmClassProvider.find(AsmClassProvider.java:36) ~[uml.jar:?]
	at soot.SourceLocator.getClassSource(SourceLocator.java:170) ~[uml.jar:?]
	at soot.SootResolver.bringToHierarchyUnchecked(SootResolver.java:213) ~[uml.jar:?]
	at soot.SootResolver.bringToHierarchy(SootResolver.java:208) ~[uml.jar:?]
	at soot.SootResolver.bringToSignatures(SootResolver.java:267) ~[uml.jar:?]
	at soot.SootResolver.bringToBodies(SootResolver.java:312) ~[uml.jar:?]
	at soot.SootResolver.processResolveWorklist(SootResolver.java:163) ~[uml.jar:?]
	at soot.SootResolver.resolveClass(SootResolver.java:133) ~[uml.jar:?]
	at soot.Scene.loadClass(Scene.java:862) ~[uml.jar:?]
	at soot.Scene.loadClassAndSupport(Scene.java:848) ~[uml.jar:?]
	at csse374.revengd.soot.SceneBuilder.loadAppClass(SceneBuilder.java:348) [uml.jar:?]
	at csse374.revengd.soot.SceneBuilder.loadMainClass(SceneBuilder.java:360) [uml.jar:?]
	at csse374.revengd.soot.SceneBuilder.build(SceneBuilder.java:287) [uml.jar:?]
	at design.team.nothing.SootClassAnalyzer.analyze(SootClassAnalyzer.java:94) [uml.jar:?]
	at design.team.nothing.AnalyzerChain.run(AnalyzerChain.java:23) [uml.jar:?]
	at Milestone5Tests.godClassTest(Milestone5Tests.java:17) [bin/:?]
	at sun.reflect.NativeMethodAccessorImpl.invoke0(Native Method) ~[?:1.8.0_144]
	at sun.reflect.NativeMethodAccessorImpl.invoke(Unknown Source) ~[?:1.8.0_144]
	at sun.reflect.DelegatingMethodAccessorImpl.invoke(Unknown Source) ~[?:1.8.0_144]
	at java.lang.reflect.Method.invoke(Unknown Source) ~[?:1.8.0_144]
	at org.junit.runners.model.FrameworkMethod$1.runReflectiveCall(FrameworkMethod.java:50) [uml.jar:?]
	at org.junit.internal.runners.model.ReflectiveCallable.run(ReflectiveCallable.java:12) [uml.jar:?]
	at org.junit.runners.model.FrameworkMethod.invokeExplosively(FrameworkMethod.java:47) [uml.jar:?]
	at org.junit.internal.runners.statements.InvokeMethod.evaluate(InvokeMethod.java:17) [uml.jar:?]
	at org.junit.runners.ParentRunner.runLeaf(ParentRunner.java:325) [uml.jar:?]
	at org.junit.runners.BlockJUnit4ClassRunner.runChild(BlockJUnit4ClassRunner.java:78) [uml.jar:?]
	at org.junit.runners.BlockJUnit4ClassRunner.runChild(BlockJUnit4ClassRunner.java:57) [uml.jar:?]
	at org.junit.runners.ParentRunner$3.run(ParentRunner.java:290) [uml.jar:?]
	at org.junit.runners.ParentRunner$1.schedule(ParentRunner.java:71) [uml.jar:?]
	at org.junit.runners.ParentRunner.runChildren(ParentRunner.java:288) [uml.jar:?]
	at org.junit.runners.ParentRunner.access$000(ParentRunner.java:58) [uml.jar:?]
	at org.junit.runners.ParentRunner$2.evaluate(ParentRunner.java:268) [uml.jar:?]
	at org.junit.runners.ParentRunner.run(ParentRunner.java:363) [uml.jar:?]
	at org.eclipse.jdt.internal.junit4.runner.JUnit4TestReference.run(JUnit4TestReference.java:86) [.cp/:?]
	at org.eclipse.jdt.internal.junit.runner.TestExecution.run(TestExecution.java:38) [.cp/:?]
	at org.eclipse.jdt.internal.junit.runner.RemoteTestRunner.runTests(RemoteTestRunner.java:459) [.cp/:?]
	at org.eclipse.jdt.internal.junit.runner.RemoteTestRunner.runTests(RemoteTestRunner.java:678) [.cp/:?]
	at org.eclipse.jdt.internal.junit.runner.RemoteTestRunner.run(RemoteTestRunner.java:382) [.cp/:?]
	at org.eclipse.jdt.internal.junit.runner.RemoteTestRunner.main(RemoteTestRunner.java:192) [.cp/:?]
Caused by: java.util.concurrent.ExecutionException: java.lang.Exception: Error: The path 'C:\Users\nurrencd\Documents\1-Rose-Hulman\CSSE\374\7-1-1WebCrawler\bin' does not exist.
	at com.google.common.util.concurrent.AbstractFuture$Sync.getValue(AbstractFuture.java:299) ~[uml.jar:?]
	at com.google.common.util.concurrent.AbstractFuture$Sync.get(AbstractFuture.java:286) ~[uml.jar:?]
	at com.google.common.util.concurrent.AbstractFuture.get(AbstractFuture.java:116) ~[uml.jar:?]
	at com.google.common.util.concurrent.Uninterruptibles.getUninterruptibly(Uninterruptibles.java:137) ~[uml.jar:?]
	at com.google.common.cache.LocalCache$Segment.getAndRecordStats(LocalCache.java:2348) ~[uml.jar:?]
	at com.google.common.cache.LocalCache$Segment.loadSync(LocalCache.java:2320) ~[uml.jar:?]
	at com.google.common.cache.LocalCache$Segment.lockedGetOrLoad(LocalCache.java:2282) ~[uml.jar:?]
	at com.google.common.cache.LocalCache$Segment.get(LocalCache.java:2197) ~[uml.jar:?]
	at com.google.common.cache.LocalCache.get(LocalCache.java:3937) ~[uml.jar:?]
	at com.google.common.cache.LocalCache.getOrLoad(LocalCache.java:3941) ~[uml.jar:?]
	at com.google.common.cache.LocalCache$LocalLoadingCache.get(LocalCache.java:4824) ~[uml.jar:?]
	at soot.SourceLocator.getClassSourceType(SourceLocator.java:283) ~[uml.jar:?]
	... 40 more
Caused by: java.lang.Exception: Error: The path 'C:\Users\nurrencd\Documents\1-Rose-Hulman\CSSE\374\7-1-1WebCrawler\bin' does not exist.
	at soot.SourceLocator$1.load(SourceLocator.java:64) ~[uml.jar:?]
	at soot.SourceLocator$1.load(SourceLocator.java:59) ~[uml.jar:?]
	at com.google.common.cache.LocalCache$LoadingValueReference.loadFuture(LocalCache.java:3527) ~[uml.jar:?]
	at com.google.common.cache.LocalCache$Segment.loadSync(LocalCache.java:2319) ~[uml.jar:?]
	at com.google.common.cache.LocalCache$Segment.lockedGetOrLoad(LocalCache.java:2282) ~[uml.jar:?]
	at com.google.common.cache.LocalCache$Segment.get(LocalCache.java:2197) ~[uml.jar:?]
	at com.google.common.cache.LocalCache.get(LocalCache.java:3937) ~[uml.jar:?]
	at com.google.common.cache.LocalCache.getOrLoad(LocalCache.java:3941) ~[uml.jar:?]
	at com.google.common.cache.LocalCache$LocalLoadingCache.get(LocalCache.java:4824) ~[uml.jar:?]
	at soot.SourceLocator.getClassSourceType(SourceLocator.java:283) ~[uml.jar:?]
	... 40 more
2018-17-15 11:17:42.538 [main] ERROR csse374.revengd.soot.SceneBuilder - SOOT is unable to load crawler.Crawler
java.lang.RuntimeException: java.util.concurrent.ExecutionException: java.lang.Exception: Error: The path 'C:\Users\nurrencd\Documents\1-Rose-Hulman\CSSE\374\7-1-1WebCrawler\bin' does not exist.
	at soot.SourceLocator.getClassSourceType(SourceLocator.java:285) ~[uml.jar:?]
	at soot.SourceLocator.lookupInClassPath(SourceLocator.java:562) ~[uml.jar:?]
	at soot.asm.AsmClassProvider.find(AsmClassProvider.java:36) ~[uml.jar:?]
	at soot.SourceLocator.getClassSource(SourceLocator.java:170) ~[uml.jar:?]
	at soot.SootResolver.bringToHierarchyUnchecked(SootResolver.java:213) ~[uml.jar:?]
	at soot.SootResolver.bringToHierarchy(SootResolver.java:208) ~[uml.jar:?]
	at soot.SootResolver.bringToSignatures(SootResolver.java:267) ~[uml.jar:?]
	at soot.SootResolver.bringToBodies(SootResolver.java:312) ~[uml.jar:?]
	at soot.SootResolver.processResolveWorklist(SootResolver.java:163) ~[uml.jar:?]
	at soot.SootResolver.resolveClass(SootResolver.java:133) ~[uml.jar:?]
	at soot.Scene.loadClass(Scene.java:862) ~[uml.jar:?]
	at soot.Scene.loadClassAndSupport(Scene.java:848) ~[uml.jar:?]
	at csse374.revengd.soot.SceneBuilder.loadAppClass(SceneBuilder.java:348) [uml.jar:?]
	at csse374.revengd.soot.SceneBuilder.loadMainClass(SceneBuilder.java:360) [uml.jar:?]
	at csse374.revengd.soot.SceneBuilder.build(SceneBuilder.java:287) [uml.jar:?]
	at design.team.nothing.SootClassAnalyzer.analyze(SootClassAnalyzer.java:94) [uml.jar:?]
	at design.team.nothing.AnalyzerChain.run(AnalyzerChain.java:23) [uml.jar:?]
	at Milestone5Tests.godClassTest(Milestone5Tests.java:17) [bin/:?]
	at sun.reflect.NativeMethodAccessorImpl.invoke0(Native Method) ~[?:1.8.0_144]
	at sun.reflect.NativeMethodAccessorImpl.invoke(Unknown Source) ~[?:1.8.0_144]
	at sun.reflect.DelegatingMethodAccessorImpl.invoke(Unknown Source) ~[?:1.8.0_144]
	at java.lang.reflect.Method.invoke(Unknown Source) ~[?:1.8.0_144]
	at org.junit.runners.model.FrameworkMethod$1.runReflectiveCall(FrameworkMethod.java:50) [uml.jar:?]
	at org.junit.internal.runners.model.ReflectiveCallable.run(ReflectiveCallable.java:12) [uml.jar:?]
	at org.junit.runners.model.FrameworkMethod.invokeExplosively(FrameworkMethod.java:47) [uml.jar:?]
	at org.junit.internal.runners.statements.InvokeMethod.evaluate(InvokeMethod.java:17) [uml.jar:?]
	at org.junit.runners.ParentRunner.runLeaf(ParentRunner.java:325) [uml.jar:?]
	at org.junit.runners.BlockJUnit4ClassRunner.runChild(BlockJUnit4ClassRunner.java:78) [uml.jar:?]
	at org.junit.runners.BlockJUnit4ClassRunner.runChild(BlockJUnit4ClassRunner.java:57) [uml.jar:?]
	at org.junit.runners.ParentRunner$3.run(ParentRunner.java:290) [uml.jar:?]
	at org.junit.runners.ParentRunner$1.schedule(ParentRunner.java:71) [uml.jar:?]
	at org.junit.runners.ParentRunner.runChildren(ParentRunner.java:288) [uml.jar:?]
	at org.junit.runners.ParentRunner.access$000(ParentRunner.java:58) [uml.jar:?]
	at org.junit.runners.ParentRunner$2.evaluate(ParentRunner.java:268) [uml.jar:?]
	at org.junit.runners.ParentRunner.run(ParentRunner.java:363) [uml.jar:?]
	at org.eclipse.jdt.internal.junit4.runner.JUnit4TestReference.run(JUnit4TestReference.java:86) [.cp/:?]
	at org.eclipse.jdt.internal.junit.runner.TestExecution.run(TestExecution.java:38) [.cp/:?]
	at org.eclipse.jdt.internal.junit.runner.RemoteTestRunner.runTests(RemoteTestRunner.java:459) [.cp/:?]
	at org.eclipse.jdt.internal.junit.runner.RemoteTestRunner.runTests(RemoteTestRunner.java:678) [.cp/:?]
	at org.eclipse.jdt.internal.junit.runner.RemoteTestRunner.run(RemoteTestRunner.java:382) [.cp/:?]
	at org.eclipse.jdt.internal.junit.runner.RemoteTestRunner.main(RemoteTestRunner.java:192) [.cp/:?]
Caused by: java.util.concurrent.ExecutionException: java.lang.Exception: Error: The path 'C:\Users\nurrencd\Documents\1-Rose-Hulman\CSSE\374\7-1-1WebCrawler\bin' does not exist.
	at com.google.common.util.concurrent.AbstractFuture$Sync.getValue(AbstractFuture.java:299) ~[uml.jar:?]
	at com.google.common.util.concurrent.AbstractFuture$Sync.get(AbstractFuture.java:286) ~[uml.jar:?]
	at com.google.common.util.concurrent.AbstractFuture.get(AbstractFuture.java:116) ~[uml.jar:?]
	at com.google.common.util.concurrent.Uninterruptibles.getUninterruptibly(Uninterruptibles.java:137) ~[uml.jar:?]
	at com.google.common.cache.LocalCache$Segment.getAndRecordStats(LocalCache.java:2348) ~[uml.jar:?]
	at com.google.common.cache.LocalCache$Segment.loadSync(LocalCache.java:2320) ~[uml.jar:?]
	at com.google.common.cache.LocalCache$Segment.lockedGetOrLoad(LocalCache.java:2282) ~[uml.jar:?]
	at com.google.common.cache.LocalCache$Segment.get(LocalCache.java:2197) ~[uml.jar:?]
	at com.google.common.cache.LocalCache.get(LocalCache.java:3937) ~[uml.jar:?]
	at com.google.common.cache.LocalCache.getOrLoad(LocalCache.java:3941) ~[uml.jar:?]
	at com.google.common.cache.LocalCache$LocalLoadingCache.get(LocalCache.java:4824) ~[uml.jar:?]
	at soot.SourceLocator.getClassSourceType(SourceLocator.java:283) ~[uml.jar:?]
	... 40 more
Caused by: java.lang.Exception: Error: The path 'C:\Users\nurrencd\Documents\1-Rose-Hulman\CSSE\374\7-1-1WebCrawler\bin' does not exist.
	at soot.SourceLocator$1.load(SourceLocator.java:64) ~[uml.jar:?]
	at soot.SourceLocator$1.load(SourceLocator.java:59) ~[uml.jar:?]
	at com.google.common.cache.LocalCache$LoadingValueReference.loadFuture(LocalCache.java:3527) ~[uml.jar:?]
	at com.google.common.cache.LocalCache$Segment.loadSync(LocalCache.java:2319) ~[uml.jar:?]
	at com.google.common.cache.LocalCache$Segment.lockedGetOrLoad(LocalCache.java:2282) ~[uml.jar:?]
	at com.google.common.cache.LocalCache$Segment.get(LocalCache.java:2197) ~[uml.jar:?]
	at com.google.common.cache.LocalCache.get(LocalCache.java:3937) ~[uml.jar:?]
	at com.google.common.cache.LocalCache.getOrLoad(LocalCache.java:3941) ~[uml.jar:?]
	at com.google.common.cache.LocalCache$LocalLoadingCache.get(LocalCache.java:4824) ~[uml.jar:?]
	at soot.SourceLocator.getClassSourceType(SourceLocator.java:283) ~[uml.jar:?]
	... 40 more
2018-54-15 18:54:32.762 [AWT-EventQueue-0] ERROR csse374.revengd.soot.SceneBuilder - SOOT is unable to load design.team.nothing.App
java.lang.RuntimeException: java.util.concurrent.ExecutionException: java.lang.Exception: Error: The path 'C:\Users\nurrencd\Documents\1-Rose-Hulman\CSSE\374\Project Extension Repo\build\classes\main' does not exist.
	at soot.SourceLocator.getClassSourceType(SourceLocator.java:285) ~[uml.jar:?]
	at soot.SourceLocator.lookupInClassPath(SourceLocator.java:562) ~[uml.jar:?]
	at soot.asm.AsmClassProvider.find(AsmClassProvider.java:36) ~[uml.jar:?]
	at soot.SourceLocator.getClassSource(SourceLocator.java:170) ~[uml.jar:?]
	at soot.SootResolver.bringToHierarchyUnchecked(SootResolver.java:213) ~[uml.jar:?]
	at soot.SootResolver.bringToHierarchy(SootResolver.java:208) ~[uml.jar:?]
	at soot.SootResolver.bringToSignatures(SootResolver.java:267) ~[uml.jar:?]
	at soot.SootResolver.bringToBodies(SootResolver.java:312) ~[uml.jar:?]
	at soot.SootResolver.processResolveWorklist(SootResolver.java:163) ~[uml.jar:?]
	at soot.SootResolver.resolveClass(SootResolver.java:133) ~[uml.jar:?]
	at soot.Scene.loadClass(Scene.java:862) ~[uml.jar:?]
	at soot.Scene.loadClassAndSupport(Scene.java:848) ~[uml.jar:?]
	at csse374.revengd.soot.SceneBuilder.loadAppClass(SceneBuilder.java:348) ~[uml.jar:?]
	at csse374.revengd.soot.SceneBuilder.loadMainClass(SceneBuilder.java:360) ~[uml.jar:?]
	at csse374.revengd.soot.SceneBuilder.build(SceneBuilder.java:287) ~[uml.jar:?]
	at design.team.nothing.SootClassAnalyzer.analyze(SootClassAnalyzer.java:94) ~[uml.jar:?]
	at design.team.nothing.AnalyzerChain.run(AnalyzerChain.java:23) ~[uml.jar:?]
	at GUIApp.lambda$5(GUIApp.java:242) ~[bin/:?]
	at javax.swing.AbstractButton.fireActionPerformed(Unknown Source) [?:1.8.0_144]
	at javax.swing.AbstractButton$Handler.actionPerformed(Unknown Source) [?:1.8.0_144]
	at javax.swing.DefaultButtonModel.fireActionPerformed(Unknown Source) [?:1.8.0_144]
	at javax.swing.DefaultButtonModel.setPressed(Unknown Source) [?:1.8.0_144]
	at javax.swing.plaf.basic.BasicButtonListener.mouseReleased(Unknown Source) [?:1.8.0_144]
	at java.awt.Component.processMouseEvent(Unknown Source) [?:1.8.0_144]
	at javax.swing.JComponent.processMouseEvent(Unknown Source) [?:1.8.0_144]
	at java.awt.Component.processEvent(Unknown Source) [?:1.8.0_144]
	at java.awt.Container.processEvent(Unknown Source) [?:1.8.0_144]
	at java.awt.Component.dispatchEventImpl(Unknown Source) [?:1.8.0_144]
	at java.awt.Container.dispatchEventImpl(Unknown Source) [?:1.8.0_144]
	at java.awt.Component.dispatchEvent(Unknown Source) [?:1.8.0_144]
	at java.awt.LightweightDispatcher.retargetMouseEvent(Unknown Source) [?:1.8.0_144]
	at java.awt.LightweightDispatcher.processMouseEvent(Unknown Source) [?:1.8.0_144]
	at java.awt.LightweightDispatcher.dispatchEvent(Unknown Source) [?:1.8.0_144]
	at java.awt.Container.dispatchEventImpl(Unknown Source) [?:1.8.0_144]
	at java.awt.Window.dispatchEventImpl(Unknown Source) [?:1.8.0_144]
	at java.awt.Component.dispatchEvent(Unknown Source) [?:1.8.0_144]
	at java.awt.EventQueue.dispatchEventImpl(Unknown Source) [?:1.8.0_144]
	at java.awt.EventQueue.access$500(Unknown Source) [?:1.8.0_144]
	at java.awt.EventQueue$3.run(Unknown Source) [?:1.8.0_144]
	at java.awt.EventQueue$3.run(Unknown Source) [?:1.8.0_144]
	at java.security.AccessController.doPrivileged(Native Method) [?:1.8.0_144]
	at java.security.ProtectionDomain$JavaSecurityAccessImpl.doIntersectionPrivilege(Unknown Source) [?:1.8.0_144]
	at java.security.ProtectionDomain$JavaSecurityAccessImpl.doIntersectionPrivilege(Unknown Source) [?:1.8.0_144]
	at java.awt.EventQueue$4.run(Unknown Source) [?:1.8.0_144]
	at java.awt.EventQueue$4.run(Unknown Source) [?:1.8.0_144]
	at java.security.AccessController.doPrivileged(Native Method) [?:1.8.0_144]
	at java.security.ProtectionDomain$JavaSecurityAccessImpl.doIntersectionPrivilege(Unknown Source) [?:1.8.0_144]
	at java.awt.EventQueue.dispatchEvent(Unknown Source) [?:1.8.0_144]
	at java.awt.EventDispatchThread.pumpOneEventForFilters(Unknown Source) [?:1.8.0_144]
	at java.awt.EventDispatchThread.pumpEventsForFilter(Unknown Source) [?:1.8.0_144]
	at java.awt.EventDispatchThread.pumpEventsForHierarchy(Unknown Source) [?:1.8.0_144]
	at java.awt.EventDispatchThread.pumpEvents(Unknown Source) [?:1.8.0_144]
	at java.awt.EventDispatchThread.pumpEvents(Unknown Source) [?:1.8.0_144]
	at java.awt.EventDispatchThread.run(Unknown Source) [?:1.8.0_144]
Caused by: java.util.concurrent.ExecutionException: java.lang.Exception: Error: The path 'C:\Users\nurrencd\Documents\1-Rose-Hulman\CSSE\374\Project Extension Repo\build\classes\main' does not exist.
	at com.google.common.util.concurrent.AbstractFuture$Sync.getValue(AbstractFuture.java:299) ~[uml.jar:?]
	at com.google.common.util.concurrent.AbstractFuture$Sync.get(AbstractFuture.java:286) ~[uml.jar:?]
	at com.google.common.util.concurrent.AbstractFuture.get(AbstractFuture.java:116) ~[uml.jar:?]
	at com.google.common.util.concurrent.Uninterruptibles.getUninterruptibly(Uninterruptibles.java:137) ~[uml.jar:?]
	at com.google.common.cache.LocalCache$Segment.getAndRecordStats(LocalCache.java:2348) ~[uml.jar:?]
	at com.google.common.cache.LocalCache$Segment.loadSync(LocalCache.java:2320) ~[uml.jar:?]
	at com.google.common.cache.LocalCache$Segment.lockedGetOrLoad(LocalCache.java:2282) ~[uml.jar:?]
	at com.google.common.cache.LocalCache$Segment.get(LocalCache.java:2197) ~[uml.jar:?]
	at com.google.common.cache.LocalCache.get(LocalCache.java:3937) ~[uml.jar:?]
	at com.google.common.cache.LocalCache.getOrLoad(LocalCache.java:3941) ~[uml.jar:?]
	at com.google.common.cache.LocalCache$LocalLoadingCache.get(LocalCache.java:4824) ~[uml.jar:?]
	at soot.SourceLocator.getClassSourceType(SourceLocator.java:283) ~[uml.jar:?]
	... 53 more
Caused by: java.lang.Exception: Error: The path 'C:\Users\nurrencd\Documents\1-Rose-Hulman\CSSE\374\Project Extension Repo\build\classes\main' does not exist.
	at soot.SourceLocator$1.load(SourceLocator.java:64) ~[uml.jar:?]
	at soot.SourceLocator$1.load(SourceLocator.java:59) ~[uml.jar:?]
	at com.google.common.cache.LocalCache$LoadingValueReference.loadFuture(LocalCache.java:3527) ~[uml.jar:?]
	at com.google.common.cache.LocalCache$Segment.loadSync(LocalCache.java:2319) ~[uml.jar:?]
	at com.google.common.cache.LocalCache$Segment.lockedGetOrLoad(LocalCache.java:2282) ~[uml.jar:?]
	at com.google.common.cache.LocalCache$Segment.get(LocalCache.java:2197) ~[uml.jar:?]
	at com.google.common.cache.LocalCache.get(LocalCache.java:3937) ~[uml.jar:?]
	at com.google.common.cache.LocalCache.getOrLoad(LocalCache.java:3941) ~[uml.jar:?]
	at com.google.common.cache.LocalCache$LocalLoadingCache.get(LocalCache.java:4824) ~[uml.jar:?]
	at soot.SourceLocator.getClassSourceType(SourceLocator.java:283) ~[uml.jar:?]
	... 53 more
2018-57-15 18:57:16.232 [AWT-EventQueue-0] ERROR csse374.revengd.soot.SceneBuilder - SOOT is unable to load problem.Application
java.lang.RuntimeException: java.util.concurrent.ExecutionException: java.lang.Exception: Error: The path 'C:\Users\nurrencd\Documents\1-Rose-Hulman\CSSE\374\LiveCoding2-3\bin' does not exist.
	at soot.SourceLocator.getClassSourceType(SourceLocator.java:285) ~[uml.jar:?]
	at soot.SourceLocator.lookupInClassPath(SourceLocator.java:562) ~[uml.jar:?]
	at soot.asm.AsmClassProvider.find(AsmClassProvider.java:36) ~[uml.jar:?]
	at soot.SourceLocator.getClassSource(SourceLocator.java:170) ~[uml.jar:?]
	at soot.SootResolver.bringToHierarchyUnchecked(SootResolver.java:213) ~[uml.jar:?]
	at soot.SootResolver.bringToHierarchy(SootResolver.java:208) ~[uml.jar:?]
	at soot.SootResolver.bringToSignatures(SootResolver.java:267) ~[uml.jar:?]
	at soot.SootResolver.bringToBodies(SootResolver.java:312) ~[uml.jar:?]
	at soot.SootResolver.processResolveWorklist(SootResolver.java:163) ~[uml.jar:?]
	at soot.SootResolver.resolveClass(SootResolver.java:133) ~[uml.jar:?]
	at soot.Scene.loadClass(Scene.java:862) ~[uml.jar:?]
	at soot.Scene.loadClassAndSupport(Scene.java:848) ~[uml.jar:?]
	at csse374.revengd.soot.SceneBuilder.loadAppClass(SceneBuilder.java:348) ~[uml.jar:?]
	at csse374.revengd.soot.SceneBuilder.loadMainClass(SceneBuilder.java:360) ~[uml.jar:?]
	at csse374.revengd.soot.SceneBuilder.build(SceneBuilder.java:287) ~[uml.jar:?]
	at design.team.nothing.SootClassAnalyzer.analyze(SootClassAnalyzer.java:94) ~[uml.jar:?]
	at design.team.nothing.AnalyzerChain.run(AnalyzerChain.java:23) ~[uml.jar:?]
	at GUIApp.lambda$5(GUIApp.java:242) ~[bin/:?]
	at javax.swing.AbstractButton.fireActionPerformed(Unknown Source) [?:1.8.0_144]
	at javax.swing.AbstractButton$Handler.actionPerformed(Unknown Source) [?:1.8.0_144]
	at javax.swing.DefaultButtonModel.fireActionPerformed(Unknown Source) [?:1.8.0_144]
	at javax.swing.DefaultButtonModel.setPressed(Unknown Source) [?:1.8.0_144]
	at javax.swing.plaf.basic.BasicButtonListener.mouseReleased(Unknown Source) [?:1.8.0_144]
	at java.awt.Component.processMouseEvent(Unknown Source) [?:1.8.0_144]
	at javax.swing.JComponent.processMouseEvent(Unknown Source) [?:1.8.0_144]
	at java.awt.Component.processEvent(Unknown Source) [?:1.8.0_144]
	at java.awt.Container.processEvent(Unknown Source) [?:1.8.0_144]
	at java.awt.Component.dispatchEventImpl(Unknown Source) [?:1.8.0_144]
	at java.awt.Container.dispatchEventImpl(Unknown Source) [?:1.8.0_144]
	at java.awt.Component.dispatchEvent(Unknown Source) [?:1.8.0_144]
	at java.awt.LightweightDispatcher.retargetMouseEvent(Unknown Source) [?:1.8.0_144]
	at java.awt.LightweightDispatcher.processMouseEvent(Unknown Source) [?:1.8.0_144]
	at java.awt.LightweightDispatcher.dispatchEvent(Unknown Source) [?:1.8.0_144]
	at java.awt.Container.dispatchEventImpl(Unknown Source) [?:1.8.0_144]
	at java.awt.Window.dispatchEventImpl(Unknown Source) [?:1.8.0_144]
	at java.awt.Component.dispatchEvent(Unknown Source) [?:1.8.0_144]
	at java.awt.EventQueue.dispatchEventImpl(Unknown Source) [?:1.8.0_144]
	at java.awt.EventQueue.access$500(Unknown Source) [?:1.8.0_144]
	at java.awt.EventQueue$3.run(Unknown Source) [?:1.8.0_144]
	at java.awt.EventQueue$3.run(Unknown Source) [?:1.8.0_144]
	at java.security.AccessController.doPrivileged(Native Method) [?:1.8.0_144]
	at java.security.ProtectionDomain$JavaSecurityAccessImpl.doIntersectionPrivilege(Unknown Source) [?:1.8.0_144]
	at java.security.ProtectionDomain$JavaSecurityAccessImpl.doIntersectionPrivilege(Unknown Source) [?:1.8.0_144]
	at java.awt.EventQueue$4.run(Unknown Source) [?:1.8.0_144]
	at java.awt.EventQueue$4.run(Unknown Source) [?:1.8.0_144]
	at java.security.AccessController.doPrivileged(Native Method) [?:1.8.0_144]
	at java.security.ProtectionDomain$JavaSecurityAccessImpl.doIntersectionPrivilege(Unknown Source) [?:1.8.0_144]
	at java.awt.EventQueue.dispatchEvent(Unknown Source) [?:1.8.0_144]
	at java.awt.EventDispatchThread.pumpOneEventForFilters(Unknown Source) [?:1.8.0_144]
	at java.awt.EventDispatchThread.pumpEventsForFilter(Unknown Source) [?:1.8.0_144]
	at java.awt.EventDispatchThread.pumpEventsForHierarchy(Unknown Source) [?:1.8.0_144]
	at java.awt.EventDispatchThread.pumpEvents(Unknown Source) [?:1.8.0_144]
	at java.awt.EventDispatchThread.pumpEvents(Unknown Source) [?:1.8.0_144]
	at java.awt.EventDispatchThread.run(Unknown Source) [?:1.8.0_144]
Caused by: java.util.concurrent.ExecutionException: java.lang.Exception: Error: The path 'C:\Users\nurrencd\Documents\1-Rose-Hulman\CSSE\374\LiveCoding2-3\bin' does not exist.
	at com.google.common.util.concurrent.AbstractFuture$Sync.getValue(AbstractFuture.java:299) ~[uml.jar:?]
	at com.google.common.util.concurrent.AbstractFuture$Sync.get(AbstractFuture.java:286) ~[uml.jar:?]
	at com.google.common.util.concurrent.AbstractFuture.get(AbstractFuture.java:116) ~[uml.jar:?]
	at com.google.common.util.concurrent.Uninterruptibles.getUninterruptibly(Uninterruptibles.java:137) ~[uml.jar:?]
	at com.google.common.cache.LocalCache$Segment.getAndRecordStats(LocalCache.java:2348) ~[uml.jar:?]
	at com.google.common.cache.LocalCache$Segment.loadSync(LocalCache.java:2320) ~[uml.jar:?]
	at com.google.common.cache.LocalCache$Segment.lockedGetOrLoad(LocalCache.java:2282) ~[uml.jar:?]
	at com.google.common.cache.LocalCache$Segment.get(LocalCache.java:2197) ~[uml.jar:?]
	at com.google.common.cache.LocalCache.get(LocalCache.java:3937) ~[uml.jar:?]
	at com.google.common.cache.LocalCache.getOrLoad(LocalCache.java:3941) ~[uml.jar:?]
	at com.google.common.cache.LocalCache$LocalLoadingCache.get(LocalCache.java:4824) ~[uml.jar:?]
	at soot.SourceLocator.getClassSourceType(SourceLocator.java:283) ~[uml.jar:?]
	... 53 more
Caused by: java.lang.Exception: Error: The path 'C:\Users\nurrencd\Documents\1-Rose-Hulman\CSSE\374\LiveCoding2-3\bin' does not exist.
	at soot.SourceLocator$1.load(SourceLocator.java:64) ~[uml.jar:?]
	at soot.SourceLocator$1.load(SourceLocator.java:59) ~[uml.jar:?]
	at com.google.common.cache.LocalCache$LoadingValueReference.loadFuture(LocalCache.java:3527) ~[uml.jar:?]
	at com.google.common.cache.LocalCache$Segment.loadSync(LocalCache.java:2319) ~[uml.jar:?]
	at com.google.common.cache.LocalCache$Segment.lockedGetOrLoad(LocalCache.java:2282) ~[uml.jar:?]
	at com.google.common.cache.LocalCache$Segment.get(LocalCache.java:2197) ~[uml.jar:?]
	at com.google.common.cache.LocalCache.get(LocalCache.java:3937) ~[uml.jar:?]
	at com.google.common.cache.LocalCache.getOrLoad(LocalCache.java:3941) ~[uml.jar:?]
	at com.google.common.cache.LocalCache$LocalLoadingCache.get(LocalCache.java:4824) ~[uml.jar:?]
	at soot.SourceLocator.getClassSourceType(SourceLocator.java:283) ~[uml.jar:?]
	... 53 more
